#-----------------------------------------------------------
# Vivado v2020.1 (64-bit)
# SW Build 2902540 on Wed May 27 19:54:49 MDT 2020
# IP Build 2902112 on Wed May 27 22:43:36 MDT 2020
# Start of session at: Mon Jun 13 13:20:06 2022
# Process ID: 11268
# Current directory: D:/Documents/xsecfi00/labs/Digital-electronics-1/labs/06-counter/counter
# Command line: vivado.exe -gui_launcher_event rodinguilauncherevent11068 D:\Documents\xsecfi00\labs\Digital-electronics-1\labs\06-counter\counter\counter.xpr
# Log file: D:/Documents/xsecfi00/labs/Digital-electronics-1/labs/06-counter/counter/vivado.log
# Journal file: D:/Documents/xsecfi00/labs/Digital-electronics-1/labs/06-counter/counter\vivado.jou
#-----------------------------------------------------------
start_gui
open_project D:/Documents/xsecfi00/labs/Digital-electronics-1/labs/06-counter/counter/counter.xpr
Scanning sources...
Finished scanning sources
INFO: [IP_Flow 19-234] Refreshing IP repositories
INFO: [IP_Flow 19-1704] No user IP repositories specified
INFO: [IP_Flow 19-2313] Loaded Vivado IP repository 'C:/APPZ/Xilinx/Vivado/2020.1/data/ip'.
update_compile_order -fileset sources_1
set_property needs_refresh false [get_runs synth_1]
set_property needs_refresh false [get_runs impl_1]
set_property needs_refresh false [get_runs synth_1]
set_property needs_refresh false [get_runs impl_1]
reset_run synth_1
WARNING: [Vivado 12-1017] Problems encountered:
1. Failed to delete one or more files in run directory D:/Documents/xsecfi00/labs/Digital-electronics-1/labs/06-counter/counter/counter.runs/synth_1

launch_runs impl_1 -to_step write_bitstream -jobs 4
[Mon Jun 13 13:32:35 2022] Launched synth_1...
Run output will be captured here: D:/Documents/xsecfi00/labs/Digital-electronics-1/labs/06-counter/counter/counter.runs/synth_1/runme.log
[Mon Jun 13 13:32:35 2022] Launched impl_1...
Run output will be captured here: D:/Documents/xsecfi00/labs/Digital-electronics-1/labs/06-counter/counter/counter.runs/impl_1/runme.log
exit
INFO: [Common 17-206] Exiting Vivado at Mon Jun 13 13:50:30 2022...
